app/build/intermediates/manifest_merge_blame_file/debug/processDebugMainManifest/manifest-merger-blame-debug-report.txt
1<?xml version="1.0" encoding="utf-8"?>
2<manifest xmlns:android="http://schemas.android.com/apk/res/android"
3    package="com.fmz.kryptos"
4    android:versionCode="4"
5    android:versionName="1.0.3" >
6
7    <uses-sdk
7-->INJECTED
8        android:minSdkVersion="26"
8-->INJECTED
9        android:targetSdkVersion="35" />
9-->INJECTED
10
11    <uses-permission android:name="android.permission.INTERNET" />
11-->src/main/AndroidManifest.xml:4:5-67
11-->src/main/AndroidManifest.xml:4:22-64
12    <uses-permission android:name="android.permission.USE_BIOMETRIC" />
12-->src/main/AndroidManifest.xml:5:5-72
12-->src/main/AndroidManifest.xml:5:22-69
13    <uses-permission android:name="android.permission.POST_NOTIFICATIONS" />
13-->src/main/AndroidManifest.xml:6:5-77
13-->src/main/AndroidManifest.xml:6:22-74
14    <uses-permission android:name="android.permission.CAMERA" />
14-->src/main/AndroidManifest.xml:7:5-65
14-->src/main/AndroidManifest.xml:7:22-62
15    <uses-permission android:name="android.permission.NFC" />
15-->src/main/AndroidManifest.xml:8:5-62
15-->src/main/AndroidManifest.xml:8:22-59
16
17    <uses-feature
17-->src/main/AndroidManifest.xml:9:5-85
18        android:name="android.hardware.camera"
18-->src/main/AndroidManifest.xml:9:19-57
19        android:required="false" />
19-->src/main/AndroidManifest.xml:9:58-82
20    <uses-feature
20-->src/main/AndroidManifest.xml:10:5-82
21        android:name="android.hardware.nfc"
21-->src/main/AndroidManifest.xml:10:19-54
22        android:required="false" />
22-->src/main/AndroidManifest.xml:10:55-79
23    <!-- suppress DeprecatedClassUsageInspection -->
24    <uses-permission android:name="android.permission.USE_FINGERPRINT" />
24-->[androidx.biometric:biometric:1.2.0-alpha05] AndroidManifest.xml:25:5-74
24-->[androidx.biometric:biometric:1.2.0-alpha05] AndroidManifest.xml:25:22-71
25    <uses-permission android:name="com.android.vending.BILLING" />
25-->[com.android.billingclient:billing-ktx:8.3.0] AndroidManifest.xml:9:5-67
25-->[com.android.billingclient:billing-ktx:8.3.0] AndroidManifest.xml:9:22-64
26
27    <queries>
27-->[com.android.billingclient:billing:8.3.0] AndroidManifest.xml:12:5-19:15
28        <intent>
28-->[com.android.billingclient:billing:8.3.0] AndroidManifest.xml:13:9-15:18
29            <action android:name="com.android.vending.billing.InAppBillingService.BIND" />
29-->[com.android.billingclient:billing:8.3.0] AndroidManifest.xml:14:13-91
29-->[com.android.billingclient:billing:8.3.0] AndroidManifest.xml:14:21-88
30        </intent>
31        <intent>
31-->[com.android.billingclient:billing:8.3.0] AndroidManifest.xml:16:9-18:18
32            <action android:name="com.google.android.apps.play.billingtestcompanion.BillingOverrideService.BIND" />
32-->[com.android.billingclient:billing:8.3.0] AndroidManifest.xml:17:13-116
32-->[com.android.billingclient:billing:8.3.0] AndroidManifest.xml:17:21-113
33        </intent>
34    </queries>
35
36    <uses-permission android:name="android.permission.WAKE_LOCK" />
36-->[androidx.work:work-runtime:2.10.0] AndroidManifest.xml:23:5-68
36-->[androidx.work:work-runtime:2.10.0] AndroidManifest.xml:23:22-65
37    <uses-permission android:name="android.permission.ACCESS_NETWORK_STATE" />
37-->[androidx.work:work-runtime:2.10.0] AndroidManifest.xml:24:5-79
37-->[androidx.work:work-runtime:2.10.0] AndroidManifest.xml:24:22-76
38    <uses-permission android:name="android.permission.RECEIVE_BOOT_COMPLETED" />
38-->[androidx.work:work-runtime:2.10.0] AndroidManifest.xml:25:5-81
38-->[androidx.work:work-runtime:2.10.0] AndroidManifest.xml:25:22-78
39    <uses-permission android:name="android.permission.FOREGROUND_SERVICE" />
39-->[androidx.work:work-runtime:2.10.0] AndroidManifest.xml:26:5-77
39-->[androidx.work:work-runtime:2.10.0] AndroidManifest.xml:26:22-74
40
41    <permission
41-->[androidx.core:core:1.15.0] AndroidManifest.xml:22:5-24:47
42        android:name="com.fmz.kryptos.DYNAMIC_RECEIVER_NOT_EXPORTED_PERMISSION"
42-->[androidx.core:core:1.15.0] AndroidManifest.xml:23:9-81
43        android:protectionLevel="signature" />
43-->[androidx.core:core:1.15.0] AndroidManifest.xml:24:9-44
44
45    <uses-permission android:name="com.fmz.kryptos.DYNAMIC_RECEIVER_NOT_EXPORTED_PERMISSION" />
45-->[androidx.core:core:1.15.0] AndroidManifest.xml:26:5-97
45-->[androidx.core:core:1.15.0] AndroidManifest.xml:26:22-94
46
47    <application
47-->src/main/AndroidManifest.xml:12:5-49:19
48        android:name="com.kryptos.vault.KryptosApp"
48-->src/main/AndroidManifest.xml:13:9-52
49        android:allowBackup="false"
49-->src/main/AndroidManifest.xml:18:9-36
50        android:appComponentFactory="androidx.core.app.CoreComponentFactory"
50-->[androidx.core:core:1.15.0] AndroidManifest.xml:28:18-86
51        android:dataExtractionRules="@xml/data_extraction_rules"
51-->src/main/AndroidManifest.xml:19:9-65
52        android:debuggable="true"
53        android:extractNativeLibs="false"
53-->INJECTED
54        android:fullBackupContent="false"
54-->src/main/AndroidManifest.xml:20:9-42
55        android:icon="@mipmap/ic_launcher"
55-->src/main/AndroidManifest.xml:15:9-43
56        android:label="@string/app_name"
56-->src/main/AndroidManifest.xml:14:9-41
57        android:roundIcon="@mipmap/ic_launcher_round"
57-->src/main/AndroidManifest.xml:16:9-54
58        android:supportsRtl="true"
58-->src/main/AndroidManifest.xml:21:9-35
59        android:theme="@style/Theme.Kryptos" >
59-->src/main/AndroidManifest.xml:17:9-45
60        <activity
60-->src/main/AndroidManifest.xml:23:9-38:20
61            android:name="com.kryptos.vault.MainActivity"
61-->src/main/AndroidManifest.xml:24:13-58
62            android:configChanges="orientation|screenSize|keyboardHidden|uiMode"
62-->src/main/AndroidManifest.xml:27:13-81
63            android:exported="true"
63-->src/main/AndroidManifest.xml:25:13-36
64            android:launchMode="singleTask"
64-->src/main/AndroidManifest.xml:26:13-44
65            android:theme="@style/Theme.Kryptos" >
65-->src/main/AndroidManifest.xml:28:13-49
66            <intent-filter>
66-->src/main/AndroidManifest.xml:29:13-32:29
67                <action android:name="android.intent.action.MAIN" />
67-->src/main/AndroidManifest.xml:30:17-69
67-->src/main/AndroidManifest.xml:30:25-66
68
69                <category android:name="android.intent.category.LAUNCHER" />
69-->src/main/AndroidManifest.xml:31:17-77
69-->src/main/AndroidManifest.xml:31:27-74
70            </intent-filter>
71
72            <!-- Optional: Helps OS direct NFC events to the app when in foreground -->
73            <meta-data
73-->src/main/AndroidManifest.xml:35:13-37:59
74                android:name="android.nfc.action.TECH_DISCOVERED"
74-->src/main/AndroidManifest.xml:36:17-66
75                android:resource="@xml/nfc_tech_filter" />
75-->src/main/AndroidManifest.xml:37:17-56
76        </activity>
77
78        <provider
78-->INJECTED
79            android:name="androidx.core.content.FileProvider"
79-->src/main/AndroidManifest.xml:41:13-62
80            android:authorities="\com.fmz.kryptos.fileprovider"
80-->INJECTED
81            android:exported="false"
81-->src/main/AndroidManifest.xml:43:13-37
82            android:grantUriPermissions="true" >
82-->src/main/AndroidManifest.xml:44:13-47
83            <meta-data
83-->src/main/AndroidManifest.xml:45:13-47:54
84                android:name="android.support.FILE_PROVIDER_PATHS"
84-->src/main/AndroidManifest.xml:46:17-67
85                android:resource="@xml/file_paths" />
85-->src/main/AndroidManifest.xml:47:17-51
86        </provider>
87
88        <service
88-->[androidx.camera:camera-camera2:1.4.1] AndroidManifest.xml:24:9-33:19
89            android:name="androidx.camera.core.impl.MetadataHolderService"
89-->[androidx.camera:camera-camera2:1.4.1] AndroidManifest.xml:25:13-75
90            android:enabled="false"
90-->[androidx.camera:camera-camera2:1.4.1] AndroidManifest.xml:26:13-36
91            android:exported="false" >
91-->[androidx.camera:camera-camera2:1.4.1] AndroidManifest.xml:27:13-37
92            <meta-data
92-->[androidx.camera:camera-camera2:1.4.1] AndroidManifest.xml:30:13-32:89
93                android:name="androidx.camera.core.impl.MetadataHolderService.DEFAULT_CONFIG_PROVIDER"
93-->[androidx.camera:camera-camera2:1.4.1] AndroidManifest.xml:31:17-103
94                android:value="androidx.camera.camera2.Camera2Config$DefaultProvider" />
94-->[androidx.camera:camera-camera2:1.4.1] AndroidManifest.xml:32:17-86
95        </service>
96        <!--
97        This activity is an invisible delegate activity to start scanner activity
98        and receive result, so it's unnecessary to support screen orientation and
99        we can avoid any side effect from activity recreation in any case.
100        -->
101        <activity
101-->[com.google.android.gms:play-services-mlkit-document-scanner:16.0.0-beta1] AndroidManifest.xml:15:9-21:20
102            android:name="com.google.mlkit.vision.documentscanner.internal.GmsDocumentScanningDelegateActivity"
102-->[com.google.android.gms:play-services-mlkit-document-scanner:16.0.0-beta1] AndroidManifest.xml:16:13-112
103            android:exported="false"
103-->[com.google.android.gms:play-services-mlkit-document-scanner:16.0.0-beta1] AndroidManifest.xml:17:13-37
104            android:screenOrientation="portrait"
104-->[com.google.android.gms:play-services-mlkit-document-scanner:16.0.0-beta1] AndroidManifest.xml:18:13-49
105            android:theme="@android:style/Theme.Black.NoTitleBar.Fullscreen" >
105-->[com.google.android.gms:play-services-mlkit-document-scanner:16.0.0-beta1] AndroidManifest.xml:19:13-77
106        </activity>
107
108        <service
108-->[androidx.credentials:credentials-play-services-auth:1.3.0] AndroidManifest.xml:24:9-32:19
109            android:name="androidx.credentials.playservices.CredentialProviderMetadataHolder"
109-->[androidx.credentials:credentials-play-services-auth:1.3.0] AndroidManifest.xml:25:13-94
110            android:enabled="true"
110-->[androidx.credentials:credentials-play-services-auth:1.3.0] AndroidManifest.xml:26:13-35
111            android:exported="false" >
111-->[androidx.credentials:credentials-play-services-auth:1.3.0] AndroidManifest.xml:27:13-37
112            <meta-data
112-->[androidx.credentials:credentials-play-services-auth:1.3.0] AndroidManifest.xml:29:13-31:104
113                android:name="androidx.credentials.CREDENTIAL_PROVIDER_KEY"
113-->[androidx.credentials:credentials-play-services-auth:1.3.0] AndroidManifest.xml:30:17-76
114                android:value="androidx.credentials.playservices.CredentialProviderPlayServicesImpl" />
114-->[androidx.credentials:credentials-play-services-auth:1.3.0] AndroidManifest.xml:31:17-101
115        </service>
116
117        <activity
117-->[androidx.credentials:credentials-play-services-auth:1.3.0] AndroidManifest.xml:34:9-41:20
118            android:name="androidx.credentials.playservices.HiddenActivity"
118-->[androidx.credentials:credentials-play-services-auth:1.3.0] AndroidManifest.xml:35:13-76
119            android:configChanges="orientation|screenSize|screenLayout|keyboardHidden"
119-->[androidx.credentials:credentials-play-services-auth:1.3.0] AndroidManifest.xml:36:13-87
120            android:enabled="true"
120-->[androidx.credentials:credentials-play-services-auth:1.3.0] AndroidManifest.xml:37:13-35
121            android:exported="false"
121-->[androidx.credentials:credentials-play-services-auth:1.3.0] AndroidManifest.xml:38:13-37
122            android:fitsSystemWindows="true"
122-->[androidx.credentials:credentials-play-services-auth:1.3.0] AndroidManifest.xml:39:13-45
123            android:theme="@style/Theme.Hidden" >
123-->[androidx.credentials:credentials-play-services-auth:1.3.0] AndroidManifest.xml:40:13-48
124        </activity>
125        <activity
125-->[com.google.android.gms:play-services-auth:21.3.0] AndroidManifest.xml:23:9-27:75
126            android:name="com.google.android.gms.auth.api.signin.internal.SignInHubActivity"
126-->[com.google.android.gms:play-services-auth:21.3.0] AndroidManifest.xml:24:13-93
127            android:excludeFromRecents="true"
127-->[com.google.android.gms:play-services-auth:21.3.0] AndroidManifest.xml:25:13-46
128            android:exported="false"
128-->[com.google.android.gms:play-services-auth:21.3.0] AndroidManifest.xml:26:13-37
129            android:theme="@android:style/Theme.Translucent.NoTitleBar" />
129-->[com.google.android.gms:play-services-auth:21.3.0] AndroidManifest.xml:27:13-72
130        <!--
131            Service handling Google Sign-In user revocation. For apps that do not integrate with
132            Google Sign-In, this service will never be started.
133        -->
134        <service
134-->[com.google.android.gms:play-services-auth:21.3.0] AndroidManifest.xml:33:9-37:51
135            android:name="com.google.android.gms.auth.api.signin.RevocationBoundService"
135-->[com.google.android.gms:play-services-auth:21.3.0] AndroidManifest.xml:34:13-89
136            android:exported="true"
136-->[com.google.android.gms:play-services-auth:21.3.0] AndroidManifest.xml:35:13-36
137            android:permission="com.google.android.gms.auth.api.signin.permission.REVOCATION_NOTIFICATION"
137-->[com.google.android.gms:play-services-auth:21.3.0] AndroidManifest.xml:36:13-107
138            android:visibleToInstantApps="true" />
138-->[com.google.android.gms:play-services-auth:21.3.0] AndroidManifest.xml:37:13-48
139        <service
139-->[com.google.android.gms:play-services-mlkit-barcode-scanning:18.3.1] AndroidManifest.xml:9:9-15:19
140            android:name="com.google.mlkit.common.internal.MlKitComponentDiscoveryService"
140-->[com.google.android.gms:play-services-mlkit-barcode-scanning:18.3.1] AndroidManifest.xml:10:13-91
141            android:directBootAware="true"
141-->[com.google.mlkit:common:18.11.0] AndroidManifest.xml:17:13-43
142            android:exported="false" >
142-->[com.google.android.gms:play-services-mlkit-barcode-scanning:18.3.1] AndroidManifest.xml:11:13-37
143            <meta-data
143-->[com.google.android.gms:play-services-mlkit-barcode-scanning:18.3.1] AndroidManifest.xml:12:13-14:85
144                android:name="com.google.firebase.components:com.google.mlkit.vision.barcode.internal.BarcodeRegistrar"
144-->[com.google.android.gms:play-services-mlkit-barcode-scanning:18.3.1] AndroidManifest.xml:13:17-120
145                android:value="com.google.firebase.components.ComponentRegistrar" />
145-->[com.google.android.gms:play-services-mlkit-barcode-scanning:18.3.1] AndroidManifest.xml:14:17-82
146            <meta-data
146-->[com.google.android.gms:play-services-mlkit-text-recognition-common:19.1.0] AndroidManifest.xml:12:13-14:85
147                android:name="com.google.firebase.components:com.google.mlkit.vision.text.internal.TextRegistrar"
147-->[com.google.android.gms:play-services-mlkit-text-recognition-common:19.1.0] AndroidManifest.xml:13:17-114
148                android:value="com.google.firebase.components.ComponentRegistrar" />
148-->[com.google.android.gms:play-services-mlkit-text-recognition-common:19.1.0] AndroidManifest.xml:14:17-82
149            <meta-data
149-->[com.google.mlkit:vision-common:17.3.0] AndroidManifest.xml:12:13-14:85
150                android:name="com.google.firebase.components:com.google.mlkit.vision.common.internal.VisionCommonRegistrar"
150-->[com.google.mlkit:vision-common:17.3.0] AndroidManifest.xml:13:17-124
151                android:value="com.google.firebase.components.ComponentRegistrar" />
151-->[com.google.mlkit:vision-common:17.3.0] AndroidManifest.xml:14:17-82
152            <meta-data
152-->[com.google.mlkit:common:18.11.0] AndroidManifest.xml:20:13-22:85
153                android:name="com.google.firebase.components:com.google.mlkit.common.internal.CommonComponentRegistrar"
153-->[com.google.mlkit:common:18.11.0] AndroidManifest.xml:21:17-120
154                android:value="com.google.firebase.components.ComponentRegistrar" />
154-->[com.google.mlkit:common:18.11.0] AndroidManifest.xml:22:17-82
155        </service>
156
157        <provider
157-->[com.google.mlkit:common:18.11.0] AndroidManifest.xml:9:9-13:38
158            android:name="com.google.mlkit.common.internal.MlKitInitProvider"
158-->[com.google.mlkit:common:18.11.0] AndroidManifest.xml:10:13-78
159            android:authorities="com.fmz.kryptos.mlkitinitprovider"
159-->[com.google.mlkit:common:18.11.0] AndroidManifest.xml:11:13-69
160            android:exported="false"
160-->[com.google.mlkit:common:18.11.0] AndroidManifest.xml:12:13-37
161            android:initOrder="99" />
161-->[com.google.mlkit:common:18.11.0] AndroidManifest.xml:13:13-35
162
163        <meta-data
163-->[com.android.billingclient:billing:8.3.0] AndroidManifest.xml:22:9-24:37
164            android:name="com.google.android.play.billingclient.version"
164-->[com.android.billingclient:billing:8.3.0] AndroidManifest.xml:23:13-73
165            android:value="8.3.0" />
165-->[com.android.billingclient:billing:8.3.0] AndroidManifest.xml:24:13-34
166
167        <activity
167-->[com.android.billingclient:billing:8.3.0] AndroidManifest.xml:26:9-30:75
168            android:name="com.android.billingclient.api.ProxyBillingActivity"
168-->[com.android.billingclient:billing:8.3.0] AndroidManifest.xml:27:13-78
169            android:configChanges="keyboard|keyboardHidden|screenLayout|screenSize|orientation"
169-->[com.android.billingclient:billing:8.3.0] AndroidManifest.xml:28:13-96
170            android:exported="false"
170-->[com.android.billingclient:billing:8.3.0] AndroidManifest.xml:29:13-37
171            android:theme="@android:style/Theme.Translucent.NoTitleBar" />
171-->[com.android.billingclient:billing:8.3.0] AndroidManifest.xml:30:13-72
172        <activity
172-->[com.android.billingclient:billing:8.3.0] AndroidManifest.xml:31:9-35:75
173            android:name="com.android.billingclient.api.ProxyBillingActivityV2"
173-->[com.android.billingclient:billing:8.3.0] AndroidManifest.xml:32:13-80
174            android:configChanges="keyboard|keyboardHidden|screenLayout|screenSize|orientation"
174-->[com.android.billingclient:billing:8.3.0] AndroidManifest.xml:33:13-96
175            android:exported="false"
175-->[com.android.billingclient:billing:8.3.0] AndroidManifest.xml:34:13-37
176            android:theme="@android:style/Theme.Translucent.NoTitleBar" />
176-->[com.android.billingclient:billing:8.3.0] AndroidManifest.xml:35:13-72
177        <activity
177-->[com.google.android.gms:play-services-base:18.5.0] AndroidManifest.xml:5:9-173
178            android:name="com.google.android.gms.common.api.GoogleApiActivity"
178-->[com.google.android.gms:play-services-base:18.5.0] AndroidManifest.xml:5:19-85
179            android:exported="false"
179-->[com.google.android.gms:play-services-base:18.5.0] AndroidManifest.xml:5:146-170
180            android:theme="@android:style/Theme.Translucent.NoTitleBar" />
180-->[com.google.android.gms:play-services-base:18.5.0] AndroidManifest.xml:5:86-145
181
182        <service
182-->[androidx.room:room-runtime-android:2.7.1] AndroidManifest.xml:24:9-28:63
183            android:name="androidx.room.MultiInstanceInvalidationService"
183-->[androidx.room:room-runtime-android:2.7.1] AndroidManifest.xml:25:13-74
184            android:directBootAware="true"
184-->[androidx.room:room-runtime-android:2.7.1] AndroidManifest.xml:26:13-43
185            android:exported="false" />
185-->[androidx.room:room-runtime-android:2.7.1] AndroidManifest.xml:27:13-37
186
187        <provider
187-->[androidx.work:work-runtime:2.10.0] AndroidManifest.xml:29:9-37:20
188            android:name="androidx.startup.InitializationProvider"
188-->[androidx.work:work-runtime:2.10.0] AndroidManifest.xml:30:13-67
189            android:authorities="com.fmz.kryptos.androidx-startup"
189-->[androidx.work:work-runtime:2.10.0] AndroidManifest.xml:31:13-68
190            android:exported="false" >
190-->[androidx.work:work-runtime:2.10.0] AndroidManifest.xml:32:13-37
191            <meta-data
191-->[androidx.work:work-runtime:2.10.0] AndroidManifest.xml:34:13-36:52
192                android:name="androidx.work.WorkManagerInitializer"
192-->[androidx.work:work-runtime:2.10.0] AndroidManifest.xml:35:17-68
193                android:value="androidx.startup" />
193-->[androidx.work:work-runtime:2.10.0] AndroidManifest.xml:36:17-49
194            <meta-data
194-->[androidx.emoji2:emoji2:1.3.0] AndroidManifest.xml:29:13-31:52
195                android:name="androidx.emoji2.text.EmojiCompatInitializer"
195-->[androidx.emoji2:emoji2:1.3.0] AndroidManifest.xml:30:17-75
196                android:value="androidx.startup" />
196-->[androidx.emoji2:emoji2:1.3.0] AndroidManifest.xml:31:17-49
197            <meta-data
197-->[androidx.lifecycle:lifecycle-process:2.8.7] AndroidManifest.xml:29:13-31:52
198                android:name="androidx.lifecycle.ProcessLifecycleInitializer"
198-->[androidx.lifecycle:lifecycle-process:2.8.7] AndroidManifest.xml:30:17-78
199                android:value="androidx.startup" />
199-->[androidx.lifecycle:lifecycle-process:2.8.7] AndroidManifest.xml:31:17-49
200            <meta-data
200-->[androidx.profileinstaller:profileinstaller:1.3.1] AndroidManifest.xml:29:13-31:52
201                android:name="androidx.profileinstaller.ProfileInstallerInitializer"
201-->[androidx.profileinstaller:profileinstaller:1.3.1] AndroidManifest.xml:30:17-85
202                android:value="androidx.startup" />
202-->[androidx.profileinstaller:profileinstaller:1.3.1] AndroidManifest.xml:31:17-49
203        </provider>
204
205        <service
205-->[androidx.work:work-runtime:2.10.0] AndroidManifest.xml:39:9-45:35
206            android:name="androidx.work.impl.background.systemalarm.SystemAlarmService"
206-->[androidx.work:work-runtime:2.10.0] AndroidManifest.xml:40:13-88
207            android:directBootAware="false"
207-->[androidx.work:work-runtime:2.10.0] AndroidManifest.xml:41:13-44
208            android:enabled="@bool/enable_system_alarm_service_default"
208-->[androidx.work:work-runtime:2.10.0] AndroidManifest.xml:42:13-72
209            android:exported="false" />
209-->[androidx.work:work-runtime:2.10.0] AndroidManifest.xml:43:13-37
210        <service
210-->[androidx.work:work-runtime:2.10.0] AndroidManifest.xml:46:9-52:35
211            android:name="androidx.work.impl.background.systemjob.SystemJobService"
211-->[androidx.work:work-runtime:2.10.0] AndroidManifest.xml:47:13-84
212            android:directBootAware="false"
212-->[androidx.work:work-runtime:2.10.0] AndroidManifest.xml:48:13-44
213            android:enabled="@bool/enable_system_job_service_default"
213-->[androidx.work:work-runtime:2.10.0] AndroidManifest.xml:49:13-70
214            android:exported="true"
214-->[androidx.work:work-runtime:2.10.0] AndroidManifest.xml:50:13-36
215            android:permission="android.permission.BIND_JOB_SERVICE" />
215-->[androidx.work:work-runtime:2.10.0] AndroidManifest.xml:51:13-69
216        <service
216-->[androidx.work:work-runtime:2.10.0] AndroidManifest.xml:53:9-59:35
217            android:name="androidx.work.impl.foreground.SystemForegroundService"
217-->[androidx.work:work-runtime:2.10.0] AndroidManifest.xml:54:13-81
218            android:directBootAware="false"
218-->[androidx.work:work-runtime:2.10.0] AndroidManifest.xml:55:13-44
219            android:enabled="@bool/enable_system_foreground_service_default"
219-->[androidx.work:work-runtime:2.10.0] AndroidManifest.xml:56:13-77
220            android:exported="false" />
220-->[androidx.work:work-runtime:2.10.0] AndroidManifest.xml:57:13-37
221
222        <receiver
222-->[androidx.work:work-runtime:2.10.0] AndroidManifest.xml:61:9-66:35
223            android:name="androidx.work.impl.utils.ForceStopRunnable$BroadcastReceiver"
223-->[androidx.work:work-runtime:2.10.0] AndroidManifest.xml:62:13-88
224            android:directBootAware="false"
224-->[androidx.work:work-runtime:2.10.0] AndroidManifest.xml:63:13-44
225            android:enabled="true"
225-->[androidx.work:work-runtime:2.10.0] AndroidManifest.xml:64:13-35
226            android:exported="false" />
226-->[androidx.work:work-runtime:2.10.0] AndroidManifest.xml:65:13-37
227        <receiver
227-->[androidx.work:work-runtime:2.10.0] AndroidManifest.xml:67:9-77:20
228            android:name="androidx.work.impl.background.systemalarm.ConstraintProxy$BatteryChargingProxy"
228-->[androidx.work:work-runtime:2.10.0] AndroidManifest.xml:68:13-106
229            android:directBootAware="false"
229-->[androidx.work:work-runtime:2.10.0] AndroidManifest.xml:69:13-44
230            android:enabled="false"
230-->[androidx.work:work-runtime:2.10.0] AndroidManifest.xml:70:13-36
231            android:exported="false" >
231-->[androidx.work:work-runtime:2.10.0] AndroidManifest.xml:71:13-37
232            <intent-filter>
232-->[androidx.work:work-runtime:2.10.0] AndroidManifest.xml:73:13-76:29
233                <action android:name="android.intent.action.ACTION_POWER_CONNECTED" />
233-->[androidx.work:work-runtime:2.10.0] AndroidManifest.xml:74:17-87
233-->[androidx.work:work-runtime:2.10.0] AndroidManifest.xml:74:25-84
234                <action android:name="android.intent.action.ACTION_POWER_DISCONNECTED" />
234-->[androidx.work:work-runtime:2.10.0] AndroidManifest.xml:75:17-90
234-->[androidx.work:work-runtime:2.10.0] AndroidManifest.xml:75:25-87
235            </intent-filter>
236        </receiver>
237        <receiver
237-->[androidx.work:work-runtime:2.10.0] AndroidManifest.xml:78:9-88:20
238            android:name="androidx.work.impl.background.systemalarm.ConstraintProxy$BatteryNotLowProxy"
238-->[androidx.work:work-runtime:2.10.0] AndroidManifest.xml:79:13-104
239            android:directBootAware="false"
239-->[androidx.work:work-runtime:2.10.0] AndroidManifest.xml:80:13-44
240            android:enabled="false"
240-->[androidx.work:work-runtime:2.10.0] AndroidManifest.xml:81:13-36
241            android:exported="false" >
241-->[androidx.work:work-runtime:2.10.0] AndroidManifest.xml:82:13-37
242            <intent-filter>
242-->[androidx.work:work-runtime:2.10.0] AndroidManifest.xml:84:13-87:29
243                <action android:name="android.intent.action.BATTERY_OKAY" />
243-->[androidx.work:work-runtime:2.10.0] AndroidManifest.xml:85:17-77
243-->[androidx.work:work-runtime:2.10.0] AndroidManifest.xml:85:25-74
244                <action android:name="android.intent.action.BATTERY_LOW" />
244-->[androidx.work:work-runtime:2.10.0] AndroidManifest.xml:86:17-76
244-->[androidx.work:work-runtime:2.10.0] AndroidManifest.xml:86:25-73
245            </intent-filter>
246        </receiver>
247        <receiver
247-->[androidx.work:work-runtime:2.10.0] AndroidManifest.xml:89:9-99:20
248            android:name="androidx.work.impl.background.systemalarm.ConstraintProxy$StorageNotLowProxy"
248-->[androidx.work:work-runtime:2.10.0] AndroidManifest.xml:90:13-104
249            android:directBootAware="false"
249-->[androidx.work:work-runtime:2.10.0] AndroidManifest.xml:91:13-44
250            android:enabled="false"
250-->[androidx.work:work-runtime:2.10.0] AndroidManifest.xml:92:13-36
251            android:exported="false" >
251-->[androidx.work:work-runtime:2.10.0] AndroidManifest.xml:93:13-37
252            <intent-filter>
252-->[androidx.work:work-runtime:2.10.0] AndroidManifest.xml:95:13-98:29
253                <action android:name="android.intent.action.DEVICE_STORAGE_LOW" />
253-->[androidx.work:work-runtime:2.10.0] AndroidManifest.xml:96:17-83
253-->[androidx.work:work-runtime:2.10.0] AndroidManifest.xml:96:25-80
254                <action android:name="android.intent.action.DEVICE_STORAGE_OK" />
254-->[androidx.work:work-runtime:2.10.0] AndroidManifest.xml:97:17-82
254-->[androidx.work:work-runtime:2.10.0] AndroidManifest.xml:97:25-79
255            </intent-filter>
256        </receiver>
257        <receiver
257-->[androidx.work:work-runtime:2.10.0] AndroidManifest.xml:100:9-109:20
258            android:name="androidx.work.impl.background.systemalarm.ConstraintProxy$NetworkStateProxy"
258-->[androidx.work:work-runtime:2.10.0] AndroidManifest.xml:101:13-103
259            android:directBootAware="false"
259-->[androidx.work:work-runtime:2.10.0] AndroidManifest.xml:102:13-44
260            android:enabled="false"
260-->[androidx.work:work-runtime:2.10.0] AndroidManifest.xml:103:13-36
261            android:exported="false" >
261-->[androidx.work:work-runtime:2.10.0] AndroidManifest.xml:104:13-37
262            <intent-filter>
262-->[androidx.work:work-runtime:2.10.0] AndroidManifest.xml:106:13-108:29
263                <action android:name="android.net.conn.CONNECTIVITY_CHANGE" />
263-->[androidx.work:work-runtime:2.10.0] AndroidManifest.xml:107:17-79
263-->[androidx.work:work-runtime:2.10.0] AndroidManifest.xml:107:25-76
264            </intent-filter>
265        </receiver>
266        <receiver
266-->[androidx.work:work-runtime:2.10.0] AndroidManifest.xml:110:9-121:20
267            android:name="androidx.work.impl.background.systemalarm.RescheduleReceiver"
267-->[androidx.work:work-runtime:2.10.0] AndroidManifest.xml:111:13-88
268            android:directBootAware="false"
268-->[androidx.work:work-runtime:2.10.0] AndroidManifest.xml:112:13-44
269            android:enabled="false"
269-->[androidx.work:work-runtime:2.10.0] AndroidManifest.xml:113:13-36
270            android:exported="false" >
270-->[androidx.work:work-runtime:2.10.0] AndroidManifest.xml:114:13-37
271            <intent-filter>
271-->[androidx.work:work-runtime:2.10.0] AndroidManifest.xml:116:13-120:29
272                <action android:name="android.intent.action.BOOT_COMPLETED" />
272-->[androidx.work:work-runtime:2.10.0] AndroidManifest.xml:117:17-79
272-->[androidx.work:work-runtime:2.10.0] AndroidManifest.xml:117:25-76